<?xml version="1.0" encoding="UTF-8"?>
<testsuite name="ShortestTests" tests="1" skipped="0" failures="0" errors="0" timestamp="2023-09-19T19:14:12" hostname="MacBook-Pro-de-Rafa.local" time="0.0">
  <properties/>
  <testcase name="testSolution" classname="ShortestTests" time="0.0"/>
  <system-out><![CDATA[]]></system-out>
  <system-err><![CDATA[]]></system-err>
</testsuite>
