<?xml version="1.0" encoding="UTF-8"?>
<testsuite name="AverageTests" tests="1" skipped="0" failures="0" errors="0" timestamp="2023-09-22T12:37:27" hostname="MacBook-Pro-de-Rafa.local" time="0.001">
  <properties/>
  <testcase name="testSolution" classname="AverageTests" time="0.001"/>
  <system-out><![CDATA[]]></system-out>
  <system-err><![CDATA[]]></system-err>
</testsuite>
