<?xml version="1.0" encoding="UTF-8"?>
<testsuite name="MealTests" tests="1" skipped="0" failures="0" errors="0" timestamp="2023-09-19T18:30:50" hostname="MacBook-Pro-de-Rafa.local" time="0.001">
  <properties/>
  <testcase name="testSolution" classname="MealTests" time="0.001"/>
  <system-out><![CDATA[]]></system-out>
  <system-err><![CDATA[]]></system-err>
</testsuite>
